The target system is: Linux -  - armv7ahf-vfpv4d16-openbmc
The host system is: Linux - 5.4.0-139-generic - x86_64
Compiling the CXX compiler identification source file "CMakeCXXCompilerId.cpp" succeeded.
Compiler: /home/keti/BMC_SDK/output/host/usr/bin/arm-linux-g++ 
Build flags: 
Id flags:  

The output was:
0


Compilation of the CXX compiler identification source "CMakeCXXCompilerId.cpp" produced "a.out"

The CXX compiler identification is GNU, found in "/home/keti/KETI_BMC/KETI-APP/hj/app/IBMC-APP/test/Policy/CMakeFiles/3.21.1/CompilerIdCXX/a.out"

Detecting CXX compiler ABI info compiled with the following output:
Change Dir: /home/keti/KETI_BMC/KETI-APP/hj/app/IBMC-APP/test/Policy/CMakeFiles/CMakeTmp

Run Build Command(s):/usr/bin/make -f Makefile cmTC_b4e22/fast && /usr/bin/make  -f CMakeFiles/cmTC_b4e22.dir/build.make CMakeFiles/cmTC_b4e22.dir/build
make[1]: Entering directory '/home/keti/KETI_BMC/KETI-APP/hj/app/IBMC-APP/test/Policy/CMakeFiles/CMakeTmp'
Building CXX object CMakeFiles/cmTC_b4e22.dir/CMakeCXXCompilerABI.cpp.o
/home/keti/BMC_SDK/output/host/usr/bin/arm-linux-g++ --sysroot=/home/keti/KETI_BMC/KETI-APP/sysroots/armv7ahf-vfpv4d16-openbmc-linux-gnueabi   -v -o CMakeFiles/cmTC_b4e22.dir/CMakeCXXCompilerABI.cpp.o -c /home/keti/KETI_BMC/KETI-APP/sysroots/x86_64-oesdk-linux/usr/share/cmake-3.21/Modules/CMakeCXXCompilerABI.cpp
Using built-in specs.
COLLECT_GCC=/home/keti/BMC_SDK/source/arm-aspeed-linux-gnueabihf/bin/arm-linux-g++.br_real
Target: arm-aspeed-linux-gnueabihf
Configured with: ./configure --prefix=/home/ryan/work/project/ast/sdk/toolchains/buildroot-2020.08.1/output/host --sysconfdir=/home/ryan/work/project/ast/sdk/toolchains/buildroot-2020.08.1/output/host/etc --enable-static --target=arm-aspeed-linux-gnueabihf --with-sysroot=/home/ryan/work/project/ast/sdk/toolchains/buildroot-2020.08.1/output/host/arm-aspeed-linux-gnueabihf/sysroot --enable-__cxa_atexit --with-gnu-ld --disable-libssp --disable-multilib --disable-decimal-float --with-gmp=/home/ryan/work/project/ast/sdk/toolchains/buildroot-2020.08.1/output/host --with-mpc=/home/ryan/work/project/ast/sdk/toolchains/buildroot-2020.08.1/output/host --with-mpfr=/home/ryan/work/project/ast/sdk/toolchains/buildroot-2020.08.1/output/host --with-pkgversion='Buildroot v00.05.06-33-g307eaf0-dirty' --with-bugurl=http://bugs.buildroot.net/ --without-zstd --disable-libquadmath --enable-tls --enable-threads --without-isl --without-cloog --with-abi=aapcs-linux --with-cpu=cortex-a7 --with-fpu=vfpv4-d16 --with-float=hard --with-mode=arm --enable-languages=c,c++ --with-build-time-tools=/home/ryan/work/project/ast/sdk/toolchains/buildroot-2020.08.1/output/host/arm-aspeed-linux-gnueabihf/bin --enable-shared --disable-libgomp
Thread model: posix
gcc version 9.3.0 (Buildroot v00.05.06-33-g307eaf0-dirty) 
COLLECT_GCC_OPTIONS='-mabi=aapcs-linux' '-mfpu=vfpv4-d16' '-marm' '-mfloat-abi=hard' '-mcpu=cortex-a7' '-v' '-o' 'CMakeFiles/cmTC_b4e22.dir/CMakeCXXCompilerABI.cpp.o' '-c' '-shared-libgcc' '-mtls-dialect=gnu' '-march=armv7ve+fp'
 /home/keti/BMC_SDK/source/arm-aspeed-linux-gnueabihf/bin/../libexec/gcc/arm-aspeed-linux-gnueabihf/9.3.0/cc1plus -quiet -v -iprefix /home/keti/BMC_SDK/source/arm-aspeed-linux-gnueabihf/bin/../lib/gcc/arm-aspeed-linux-gnueabihf/9.3.0/ -isysroot /home/keti/KETI_BMC/KETI-APP/sysroots/armv7ahf-vfpv4d16-openbmc-linux-gnueabi -D_GNU_SOURCE /home/keti/KETI_BMC/KETI-APP/sysroots/x86_64-oesdk-linux/usr/share/cmake-3.21/Modules/CMakeCXXCompilerABI.cpp -quiet -dumpbase CMakeCXXCompilerABI.cpp -mabi=aapcs-linux -mfpu=vfpv4-d16 -marm -mfloat-abi=hard -mcpu=cortex-a7 -mtls-dialect=gnu -march=armv7ve+fp -auxbase-strip CMakeFiles/cmTC_b4e22.dir/CMakeCXXCompilerABI.cpp.o -version -o /tmp/ccKBC6sN.s
GNU C++14 (Buildroot v00.05.06-33-g307eaf0-dirty) version 9.3.0 (arm-aspeed-linux-gnueabihf)
	compiled by GNU C version 7.5.0, GMP version 6.1.2, MPFR version 4.0.2, MPC version 1.1.0, isl version none
warning: MPFR header version 4.0.2 differs from library version 4.0.1.
GGC heuristics: --param ggc-min-expand=100 --param ggc-min-heapsize=131072
ignoring duplicate directory "/home/keti/BMC_SDK/source/arm-aspeed-linux-gnueabihf/bin/../lib/gcc/../../lib/gcc/arm-aspeed-linux-gnueabihf/9.3.0/../../../../arm-aspeed-linux-gnueabihf/include/c++/9.3.0"
ignoring duplicate directory "/home/keti/BMC_SDK/source/arm-aspeed-linux-gnueabihf/bin/../lib/gcc/../../lib/gcc/arm-aspeed-linux-gnueabihf/9.3.0/../../../../arm-aspeed-linux-gnueabihf/include/c++/9.3.0/arm-aspeed-linux-gnueabihf"
ignoring duplicate directory "/home/keti/BMC_SDK/source/arm-aspeed-linux-gnueabihf/bin/../lib/gcc/../../lib/gcc/arm-aspeed-linux-gnueabihf/9.3.0/../../../../arm-aspeed-linux-gnueabihf/include/c++/9.3.0/backward"
ignoring duplicate directory "/home/keti/BMC_SDK/source/arm-aspeed-linux-gnueabihf/bin/../lib/gcc/../../lib/gcc/arm-aspeed-linux-gnueabihf/9.3.0/include"
ignoring nonexistent directory "/home/keti/KETI_BMC/KETI-APP/sysroots/armv7ahf-vfpv4d16-openbmc-linux-gnueabi/usr/local/include"
ignoring duplicate directory "/home/keti/BMC_SDK/source/arm-aspeed-linux-gnueabihf/bin/../lib/gcc/../../lib/gcc/arm-aspeed-linux-gnueabihf/9.3.0/include-fixed"
ignoring duplicate directory "/home/keti/BMC_SDK/source/arm-aspeed-linux-gnueabihf/bin/../lib/gcc/../../lib/gcc/arm-aspeed-linux-gnueabihf/9.3.0/../../../../arm-aspeed-linux-gnueabihf/include"
#include "..." search starts here:
#include <...> search starts here:
 /home/keti/BMC_SDK/source/arm-aspeed-linux-gnueabihf/bin/../lib/gcc/arm-aspeed-linux-gnueabihf/9.3.0/../../../../arm-aspeed-linux-gnueabihf/include/c++/9.3.0
 /home/keti/BMC_SDK/source/arm-aspeed-linux-gnueabihf/bin/../lib/gcc/arm-aspeed-linux-gnueabihf/9.3.0/../../../../arm-aspeed-linux-gnueabihf/include/c++/9.3.0/arm-aspeed-linux-gnueabihf
 /home/keti/BMC_SDK/source/arm-aspeed-linux-gnueabihf/bin/../lib/gcc/arm-aspeed-linux-gnueabihf/9.3.0/../../../../arm-aspeed-linux-gnueabihf/include/c++/9.3.0/backward
 /home/keti/BMC_SDK/source/arm-aspeed-linux-gnueabihf/bin/../lib/gcc/arm-aspeed-linux-gnueabihf/9.3.0/include
 /home/keti/BMC_SDK/source/arm-aspeed-linux-gnueabihf/bin/../lib/gcc/arm-aspeed-linux-gnueabihf/9.3.0/include-fixed
 /home/keti/BMC_SDK/source/arm-aspeed-linux-gnueabihf/bin/../lib/gcc/arm-aspeed-linux-gnueabihf/9.3.0/../../../../arm-aspeed-linux-gnueabihf/include
 /home/keti/KETI_BMC/KETI-APP/sysroots/armv7ahf-vfpv4d16-openbmc-linux-gnueabi/usr/include
End of search list.
GNU C++14 (Buildroot v00.05.06-33-g307eaf0-dirty) version 9.3.0 (arm-aspeed-linux-gnueabihf)
	compiled by GNU C version 7.5.0, GMP version 6.1.2, MPFR version 4.0.2, MPC version 1.1.0, isl version none
warning: MPFR header version 4.0.2 differs from library version 4.0.1.
GGC heuristics: --param ggc-min-expand=100 --param ggc-min-heapsize=131072
Compiler executable checksum: 6a0873dd178a0d4087818953ee166daf
COLLECT_GCC_OPTIONS='-mabi=aapcs-linux' '-mfpu=vfpv4-d16' '-marm' '-mfloat-abi=hard' '-mcpu=cortex-a7' '-v' '-o' 'CMakeFiles/cmTC_b4e22.dir/CMakeCXXCompilerABI.cpp.o' '-c' '-shared-libgcc' '-mtls-dialect=gnu' '-march=armv7ve+fp'
 /home/keti/BMC_SDK/source/arm-aspeed-linux-gnueabihf/bin/../lib/gcc/arm-aspeed-linux-gnueabihf/9.3.0/../../../../arm-aspeed-linux-gnueabihf/bin/as -v -march=armv7ve -mfloat-abi=hard -mfpu=vfpv4-d16 -meabi=5 -o CMakeFiles/cmTC_b4e22.dir/CMakeCXXCompilerABI.cpp.o /tmp/ccKBC6sN.s
GNU assembler version 2.33.1 (arm-aspeed-linux-gnueabihf) using BFD version (GNU Binutils) 2.33.1
COMPILER_PATH=/home/keti/BMC_SDK/source/arm-aspeed-linux-gnueabihf/bin/../libexec/gcc/arm-aspeed-linux-gnueabihf/9.3.0/:/home/keti/BMC_SDK/source/arm-aspeed-linux-gnueabihf/bin/../libexec/gcc/:/home/keti/BMC_SDK/source/arm-aspeed-linux-gnueabihf/bin/../lib/gcc/arm-aspeed-linux-gnueabihf/9.3.0/../../../../arm-aspeed-linux-gnueabihf/bin/
LIBRARY_PATH=/home/keti/BMC_SDK/source/arm-aspeed-linux-gnueabihf/bin/../lib/gcc/arm-aspeed-linux-gnueabihf/9.3.0/:/home/keti/BMC_SDK/source/arm-aspeed-linux-gnueabihf/bin/../lib/gcc/:/home/keti/BMC_SDK/source/arm-aspeed-linux-gnueabihf/bin/../lib/gcc/arm-aspeed-linux-gnueabihf/9.3.0/../../../../arm-aspeed-linux-gnueabihf/lib/:/home/keti/KETI_BMC/KETI-APP/sysroots/armv7ahf-vfpv4d16-openbmc-linux-gnueabi/lib/:/home/keti/KETI_BMC/KETI-APP/sysroots/armv7ahf-vfpv4d16-openbmc-linux-gnueabi/usr/lib/
COLLECT_GCC_OPTIONS='-mabi=aapcs-linux' '-mfpu=vfpv4-d16' '-marm' '-mfloat-abi=hard' '-mcpu=cortex-a7' '-v' '-o' 'CMakeFiles/cmTC_b4e22.dir/CMakeCXXCompilerABI.cpp.o' '-c' '-shared-libgcc' '-mtls-dialect=gnu' '-march=armv7ve+fp'
Linking CXX executable cmTC_b4e22
/home/keti/KETI_BMC/KETI-APP/sysroots/x86_64-oesdk-linux/usr/bin/cmake -E cmake_link_script CMakeFiles/cmTC_b4e22.dir/link.txt --verbose=1
/home/keti/BMC_SDK/output/host/usr/bin/arm-linux-g++ --sysroot=/home/keti/KETI_BMC/KETI-APP/sysroots/armv7ahf-vfpv4d16-openbmc-linux-gnueabi  -v CMakeFiles/cmTC_b4e22.dir/CMakeCXXCompilerABI.cpp.o -o cmTC_b4e22 
Using built-in specs.
COLLECT_GCC=/home/keti/BMC_SDK/source/arm-aspeed-linux-gnueabihf/bin/arm-linux-g++.br_real
COLLECT_LTO_WRAPPER=/home/keti/BMC_SDK/source/arm-aspeed-linux-gnueabihf/bin/../libexec/gcc/arm-aspeed-linux-gnueabihf/9.3.0/lto-wrapper
Target: arm-aspeed-linux-gnueabihf
Configured with: ./configure --prefix=/home/ryan/work/project/ast/sdk/toolchains/buildroot-2020.08.1/output/host --sysconfdir=/home/ryan/work/project/ast/sdk/toolchains/buildroot-2020.08.1/output/host/etc --enable-static --target=arm-aspeed-linux-gnueabihf --with-sysroot=/home/ryan/work/project/ast/sdk/toolchains/buildroot-2020.08.1/output/host/arm-aspeed-linux-gnueabihf/sysroot --enable-__cxa_atexit --with-gnu-ld --disable-libssp --disable-multilib --disable-decimal-float --with-gmp=/home/ryan/work/project/ast/sdk/toolchains/buildroot-2020.08.1/output/host --with-mpc=/home/ryan/work/project/ast/sdk/toolchains/buildroot-2020.08.1/output/host --with-mpfr=/home/ryan/work/project/ast/sdk/toolchains/buildroot-2020.08.1/output/host --with-pkgversion='Buildroot v00.05.06-33-g307eaf0-dirty' --with-bugurl=http://bugs.buildroot.net/ --without-zstd --disable-libquadmath --enable-tls --enable-threads --without-isl --without-cloog --with-abi=aapcs-linux --with-cpu=cortex-a7 --with-fpu=vfpv4-d16 --with-float=hard --with-mode=arm --enable-languages=c,c++ --with-build-time-tools=/home/ryan/work/project/ast/sdk/toolchains/buildroot-2020.08.1/output/host/arm-aspeed-linux-gnueabihf/bin --enable-shared --disable-libgomp
Thread model: posix
gcc version 9.3.0 (Buildroot v00.05.06-33-g307eaf0-dirty) 
COMPILER_PATH=/home/keti/BMC_SDK/source/arm-aspeed-linux-gnueabihf/bin/../libexec/gcc/arm-aspeed-linux-gnueabihf/9.3.0/:/home/keti/BMC_SDK/source/arm-aspeed-linux-gnueabihf/bin/../libexec/gcc/:/home/keti/BMC_SDK/source/arm-aspeed-linux-gnueabihf/bin/../lib/gcc/arm-aspeed-linux-gnueabihf/9.3.0/../../../../arm-aspeed-linux-gnueabihf/bin/
LIBRARY_PATH=/home/keti/BMC_SDK/source/arm-aspeed-linux-gnueabihf/bin/../lib/gcc/arm-aspeed-linux-gnueabihf/9.3.0/:/home/keti/BMC_SDK/source/arm-aspeed-linux-gnueabihf/bin/../lib/gcc/:/home/keti/BMC_SDK/source/arm-aspeed-linux-gnueabihf/bin/../lib/gcc/arm-aspeed-linux-gnueabihf/9.3.0/../../../../arm-aspeed-linux-gnueabihf/lib/:/home/keti/KETI_BMC/KETI-APP/sysroots/armv7ahf-vfpv4d16-openbmc-linux-gnueabi/lib/:/home/keti/KETI_BMC/KETI-APP/sysroots/armv7ahf-vfpv4d16-openbmc-linux-gnueabi/usr/lib/
COLLECT_GCC_OPTIONS='-mabi=aapcs-linux' '-mfpu=vfpv4-d16' '-marm' '-mfloat-abi=hard' '-mcpu=cortex-a7' '-v' '-o' 'cmTC_b4e22' '-shared-libgcc' '-mtls-dialect=gnu' '-march=armv7ve+fp'
 /home/keti/BMC_SDK/source/arm-aspeed-linux-gnueabihf/bin/../libexec/gcc/arm-aspeed-linux-gnueabihf/9.3.0/collect2 -plugin /home/keti/BMC_SDK/source/arm-aspeed-linux-gnueabihf/bin/../libexec/gcc/arm-aspeed-linux-gnueabihf/9.3.0/liblto_plugin.so -plugin-opt=/home/keti/BMC_SDK/source/arm-aspeed-linux-gnueabihf/bin/../libexec/gcc/arm-aspeed-linux-gnueabihf/9.3.0/lto-wrapper -plugin-opt=-fresolution=/tmp/ccKS2mAW.res -plugin-opt=-pass-through=-lgcc_s -plugin-opt=-pass-through=-lgcc -plugin-opt=-pass-through=-lc -plugin-opt=-pass-through=-lgcc_s -plugin-opt=-pass-through=-lgcc --sysroot=/home/keti/KETI_BMC/KETI-APP/sysroots/armv7ahf-vfpv4d16-openbmc-linux-gnueabi --eh-frame-hdr -dynamic-linker /lib/ld-linux-armhf.so.3 -X -m armelf_linux_eabi -o cmTC_b4e22 /home/keti/KETI_BMC/KETI-APP/sysroots/armv7ahf-vfpv4d16-openbmc-linux-gnueabi/usr/lib/crt1.o /home/keti/KETI_BMC/KETI-APP/sysroots/armv7ahf-vfpv4d16-openbmc-linux-gnueabi/usr/lib/crti.o /home/keti/BMC_SDK/source/arm-aspeed-linux-gnueabihf/bin/../lib/gcc/arm-aspeed-linux-gnueabihf/9.3.0/crtbegin.o -L/home/keti/BMC_SDK/source/arm-aspeed-linux-gnueabihf/bin/../lib/gcc/arm-aspeed-linux-gnueabihf/9.3.0 -L/home/keti/BMC_SDK/source/arm-aspeed-linux-gnueabihf/bin/../lib/gcc -L/home/keti/BMC_SDK/source/arm-aspeed-linux-gnueabihf/bin/../lib/gcc/arm-aspeed-linux-gnueabihf/9.3.0/../../../../arm-aspeed-linux-gnueabihf/lib -L/home/keti/KETI_BMC/KETI-APP/sysroots/armv7ahf-vfpv4d16-openbmc-linux-gnueabi/lib -L/home/keti/KETI_BMC/KETI-APP/sysroots/armv7ahf-vfpv4d16-openbmc-linux-gnueabi/usr/lib CMakeFiles/cmTC_b4e22.dir/CMakeCXXCompilerABI.cpp.o -lstdc++ -lm -lgcc_s -lgcc -lc -lgcc_s -lgcc /home/keti/BMC_SDK/source/arm-aspeed-linux-gnueabihf/bin/../lib/gcc/arm-aspeed-linux-gnueabihf/9.3.0/crtend.o /home/keti/KETI_BMC/KETI-APP/sysroots/armv7ahf-vfpv4d16-openbmc-linux-gnueabi/usr/lib/crtn.o
COLLECT_GCC_OPTIONS='-mabi=aapcs-linux' '-mfpu=vfpv4-d16' '-marm' '-mfloat-abi=hard' '-mcpu=cortex-a7' '-v' '-o' 'cmTC_b4e22' '-shared-libgcc' '-mtls-dialect=gnu' '-march=armv7ve+fp'
make[1]: Leaving directory '/home/keti/KETI_BMC/KETI-APP/hj/app/IBMC-APP/test/Policy/CMakeFiles/CMakeTmp'



Parsed CXX implicit include dir info from above output: rv=done
  found start of include info
  found start of implicit include info
    add: [/home/keti/BMC_SDK/source/arm-aspeed-linux-gnueabihf/bin/../lib/gcc/arm-aspeed-linux-gnueabihf/9.3.0/../../../../arm-aspeed-linux-gnueabihf/include/c++/9.3.0]
    add: [/home/keti/BMC_SDK/source/arm-aspeed-linux-gnueabihf/bin/../lib/gcc/arm-aspeed-linux-gnueabihf/9.3.0/../../../../arm-aspeed-linux-gnueabihf/include/c++/9.3.0/arm-aspeed-linux-gnueabihf]
    add: [/home/keti/BMC_SDK/source/arm-aspeed-linux-gnueabihf/bin/../lib/gcc/arm-aspeed-linux-gnueabihf/9.3.0/../../../../arm-aspeed-linux-gnueabihf/include/c++/9.3.0/backward]
    add: [/home/keti/BMC_SDK/source/arm-aspeed-linux-gnueabihf/bin/../lib/gcc/arm-aspeed-linux-gnueabihf/9.3.0/include]
    add: [/home/keti/BMC_SDK/source/arm-aspeed-linux-gnueabihf/bin/../lib/gcc/arm-aspeed-linux-gnueabihf/9.3.0/include-fixed]
    add: [/home/keti/BMC_SDK/source/arm-aspeed-linux-gnueabihf/bin/../lib/gcc/arm-aspeed-linux-gnueabihf/9.3.0/../../../../arm-aspeed-linux-gnueabihf/include]
    add: [/home/keti/KETI_BMC/KETI-APP/sysroots/armv7ahf-vfpv4d16-openbmc-linux-gnueabi/usr/include]
  end of search list found
  collapse include dir [/home/keti/BMC_SDK/source/arm-aspeed-linux-gnueabihf/bin/../lib/gcc/arm-aspeed-linux-gnueabihf/9.3.0/../../../../arm-aspeed-linux-gnueabihf/include/c++/9.3.0] ==> [/home/keti/BMC_SDK/source/arm-aspeed-linux-gnueabihf/arm-aspeed-linux-gnueabihf/include/c++/9.3.0]
  collapse include dir [/home/keti/BMC_SDK/source/arm-aspeed-linux-gnueabihf/bin/../lib/gcc/arm-aspeed-linux-gnueabihf/9.3.0/../../../../arm-aspeed-linux-gnueabihf/include/c++/9.3.0/arm-aspeed-linux-gnueabihf] ==> [/home/keti/BMC_SDK/source/arm-aspeed-linux-gnueabihf/arm-aspeed-linux-gnueabihf/include/c++/9.3.0/arm-aspeed-linux-gnueabihf]
  collapse include dir [/home/keti/BMC_SDK/source/arm-aspeed-linux-gnueabihf/bin/../lib/gcc/arm-aspeed-linux-gnueabihf/9.3.0/../../../../arm-aspeed-linux-gnueabihf/include/c++/9.3.0/backward] ==> [/home/keti/BMC_SDK/source/arm-aspeed-linux-gnueabihf/arm-aspeed-linux-gnueabihf/include/c++/9.3.0/backward]
  collapse include dir [/home/keti/BMC_SDK/source/arm-aspeed-linux-gnueabihf/bin/../lib/gcc/arm-aspeed-linux-gnueabihf/9.3.0/include] ==> [/home/keti/BMC_SDK/source/arm-aspeed-linux-gnueabihf/lib/gcc/arm-aspeed-linux-gnueabihf/9.3.0/include]
  collapse include dir [/home/keti/BMC_SDK/source/arm-aspeed-linux-gnueabihf/bin/../lib/gcc/arm-aspeed-linux-gnueabihf/9.3.0/include-fixed] ==> [/home/keti/BMC_SDK/source/arm-aspeed-linux-gnueabihf/lib/gcc/arm-aspeed-linux-gnueabihf/9.3.0/include-fixed]
  collapse include dir [/home/keti/BMC_SDK/source/arm-aspeed-linux-gnueabihf/bin/../lib/gcc/arm-aspeed-linux-gnueabihf/9.3.0/../../../../arm-aspeed-linux-gnueabihf/include] ==> [/home/keti/BMC_SDK/source/arm-aspeed-linux-gnueabihf/arm-aspeed-linux-gnueabihf/include]
  collapse include dir [/home/keti/KETI_BMC/KETI-APP/sysroots/armv7ahf-vfpv4d16-openbmc-linux-gnueabi/usr/include] ==> [/home/keti/KETI_BMC/KETI-APP/sysroots/armv7ahf-vfpv4d16-openbmc-linux-gnueabi/usr/include]
  implicit include dirs: [/home/keti/BMC_SDK/source/arm-aspeed-linux-gnueabihf/arm-aspeed-linux-gnueabihf/include/c++/9.3.0;/home/keti/BMC_SDK/source/arm-aspeed-linux-gnueabihf/arm-aspeed-linux-gnueabihf/include/c++/9.3.0/arm-aspeed-linux-gnueabihf;/home/keti/BMC_SDK/source/arm-aspeed-linux-gnueabihf/arm-aspeed-linux-gnueabihf/include/c++/9.3.0/backward;/home/keti/BMC_SDK/source/arm-aspeed-linux-gnueabihf/lib/gcc/arm-aspeed-linux-gnueabihf/9.3.0/include;/home/keti/BMC_SDK/source/arm-aspeed-linux-gnueabihf/lib/gcc/arm-aspeed-linux-gnueabihf/9.3.0/include-fixed;/home/keti/BMC_SDK/source/arm-aspeed-linux-gnueabihf/arm-aspeed-linux-gnueabihf/include;/home/keti/KETI_BMC/KETI-APP/sysroots/armv7ahf-vfpv4d16-openbmc-linux-gnueabi/usr/include]


Parsed CXX implicit link information from above output:
  link line regex: [^( *|.*[/\])(arm-linux-ld|CMAKE_LINK_STARTFILE-NOTFOUND|([^/\]+-)?ld|collect2)[^/\]*( |$)]
  ignore line: [Change Dir: /home/keti/KETI_BMC/KETI-APP/hj/app/IBMC-APP/test/Policy/CMakeFiles/CMakeTmp]
  ignore line: []
  ignore line: [Run Build Command(s):/usr/bin/make -f Makefile cmTC_b4e22/fast && /usr/bin/make  -f CMakeFiles/cmTC_b4e22.dir/build.make CMakeFiles/cmTC_b4e22.dir/build]
  ignore line: [make[1]: Entering directory '/home/keti/KETI_BMC/KETI-APP/hj/app/IBMC-APP/test/Policy/CMakeFiles/CMakeTmp']
  ignore line: [Building CXX object CMakeFiles/cmTC_b4e22.dir/CMakeCXXCompilerABI.cpp.o]
  ignore line: [/home/keti/BMC_SDK/output/host/usr/bin/arm-linux-g++ --sysroot=/home/keti/KETI_BMC/KETI-APP/sysroots/armv7ahf-vfpv4d16-openbmc-linux-gnueabi   -v -o CMakeFiles/cmTC_b4e22.dir/CMakeCXXCompilerABI.cpp.o -c /home/keti/KETI_BMC/KETI-APP/sysroots/x86_64-oesdk-linux/usr/share/cmake-3.21/Modules/CMakeCXXCompilerABI.cpp]
  ignore line: [Using built-in specs.]
  ignore line: [COLLECT_GCC=/home/keti/BMC_SDK/source/arm-aspeed-linux-gnueabihf/bin/arm-linux-g++.br_real]
  ignore line: [Target: arm-aspeed-linux-gnueabihf]
  ignore line: [Configured with: ./configure --prefix=/home/ryan/work/project/ast/sdk/toolchains/buildroot-2020.08.1/output/host --sysconfdir=/home/ryan/work/project/ast/sdk/toolchains/buildroot-2020.08.1/output/host/etc --enable-static --target=arm-aspeed-linux-gnueabihf --with-sysroot=/home/ryan/work/project/ast/sdk/toolchains/buildroot-2020.08.1/output/host/arm-aspeed-linux-gnueabihf/sysroot --enable-__cxa_atexit --with-gnu-ld --disable-libssp --disable-multilib --disable-decimal-float --with-gmp=/home/ryan/work/project/ast/sdk/toolchains/buildroot-2020.08.1/output/host --with-mpc=/home/ryan/work/project/ast/sdk/toolchains/buildroot-2020.08.1/output/host --with-mpfr=/home/ryan/work/project/ast/sdk/toolchains/buildroot-2020.08.1/output/host --with-pkgversion='Buildroot v00.05.06-33-g307eaf0-dirty' --with-bugurl=http://bugs.buildroot.net/ --without-zstd --disable-libquadmath --enable-tls --enable-threads --without-isl --without-cloog --with-abi=aapcs-linux --with-cpu=cortex-a7 --with-fpu=vfpv4-d16 --with-float=hard --with-mode=arm --enable-languages=c,c++ --with-build-time-tools=/home/ryan/work/project/ast/sdk/toolchains/buildroot-2020.08.1/output/host/arm-aspeed-linux-gnueabihf/bin --enable-shared --disable-libgomp]
  ignore line: [Thread model: posix]
  ignore line: [gcc version 9.3.0 (Buildroot v00.05.06-33-g307eaf0-dirty) ]
  ignore line: [COLLECT_GCC_OPTIONS='-mabi=aapcs-linux' '-mfpu=vfpv4-d16' '-marm' '-mfloat-abi=hard' '-mcpu=cortex-a7' '-v' '-o' 'CMakeFiles/cmTC_b4e22.dir/CMakeCXXCompilerABI.cpp.o' '-c' '-shared-libgcc' '-mtls-dialect=gnu' '-march=armv7ve+fp']
  ignore line: [ /home/keti/BMC_SDK/source/arm-aspeed-linux-gnueabihf/bin/../libexec/gcc/arm-aspeed-linux-gnueabihf/9.3.0/cc1plus -quiet -v -iprefix /home/keti/BMC_SDK/source/arm-aspeed-linux-gnueabihf/bin/../lib/gcc/arm-aspeed-linux-gnueabihf/9.3.0/ -isysroot /home/keti/KETI_BMC/KETI-APP/sysroots/armv7ahf-vfpv4d16-openbmc-linux-gnueabi -D_GNU_SOURCE /home/keti/KETI_BMC/KETI-APP/sysroots/x86_64-oesdk-linux/usr/share/cmake-3.21/Modules/CMakeCXXCompilerABI.cpp -quiet -dumpbase CMakeCXXCompilerABI.cpp -mabi=aapcs-linux -mfpu=vfpv4-d16 -marm -mfloat-abi=hard -mcpu=cortex-a7 -mtls-dialect=gnu -march=armv7ve+fp -auxbase-strip CMakeFiles/cmTC_b4e22.dir/CMakeCXXCompilerABI.cpp.o -version -o /tmp/ccKBC6sN.s]
  ignore line: [GNU C++14 (Buildroot v00.05.06-33-g307eaf0-dirty) version 9.3.0 (arm-aspeed-linux-gnueabihf)]
  ignore line: [	compiled by GNU C version 7.5.0  GMP version 6.1.2  MPFR version 4.0.2  MPC version 1.1.0  isl version none]
  ignore line: [warning: MPFR header version 4.0.2 differs from library version 4.0.1.]
  ignore line: [GGC heuristics: --param ggc-min-expand=100 --param ggc-min-heapsize=131072]
  ignore line: [ignoring duplicate directory "/home/keti/BMC_SDK/source/arm-aspeed-linux-gnueabihf/bin/../lib/gcc/../../lib/gcc/arm-aspeed-linux-gnueabihf/9.3.0/../../../../arm-aspeed-linux-gnueabihf/include/c++/9.3.0"]
  ignore line: [ignoring duplicate directory "/home/keti/BMC_SDK/source/arm-aspeed-linux-gnueabihf/bin/../lib/gcc/../../lib/gcc/arm-aspeed-linux-gnueabihf/9.3.0/../../../../arm-aspeed-linux-gnueabihf/include/c++/9.3.0/arm-aspeed-linux-gnueabihf"]
  ignore line: [ignoring duplicate directory "/home/keti/BMC_SDK/source/arm-aspeed-linux-gnueabihf/bin/../lib/gcc/../../lib/gcc/arm-aspeed-linux-gnueabihf/9.3.0/../../../../arm-aspeed-linux-gnueabihf/include/c++/9.3.0/backward"]
  ignore line: [ignoring duplicate directory "/home/keti/BMC_SDK/source/arm-aspeed-linux-gnueabihf/bin/../lib/gcc/../../lib/gcc/arm-aspeed-linux-gnueabihf/9.3.0/include"]
  ignore line: [ignoring nonexistent directory "/home/keti/KETI_BMC/KETI-APP/sysroots/armv7ahf-vfpv4d16-openbmc-linux-gnueabi/usr/local/include"]
  ignore line: [ignoring duplicate directory "/home/keti/BMC_SDK/source/arm-aspeed-linux-gnueabihf/bin/../lib/gcc/../../lib/gcc/arm-aspeed-linux-gnueabihf/9.3.0/include-fixed"]
  ignore line: [ignoring duplicate directory "/home/keti/BMC_SDK/source/arm-aspeed-linux-gnueabihf/bin/../lib/gcc/../../lib/gcc/arm-aspeed-linux-gnueabihf/9.3.0/../../../../arm-aspeed-linux-gnueabihf/include"]
  ignore line: [#include "..." search starts here:]
  ignore line: [#include <...> search starts here:]
  ignore line: [ /home/keti/BMC_SDK/source/arm-aspeed-linux-gnueabihf/bin/../lib/gcc/arm-aspeed-linux-gnueabihf/9.3.0/../../../../arm-aspeed-linux-gnueabihf/include/c++/9.3.0]
  ignore line: [ /home/keti/BMC_SDK/source/arm-aspeed-linux-gnueabihf/bin/../lib/gcc/arm-aspeed-linux-gnueabihf/9.3.0/../../../../arm-aspeed-linux-gnueabihf/include/c++/9.3.0/arm-aspeed-linux-gnueabihf]
  ignore line: [ /home/keti/BMC_SDK/source/arm-aspeed-linux-gnueabihf/bin/../lib/gcc/arm-aspeed-linux-gnueabihf/9.3.0/../../../../arm-aspeed-linux-gnueabihf/include/c++/9.3.0/backward]
  ignore line: [ /home/keti/BMC_SDK/source/arm-aspeed-linux-gnueabihf/bin/../lib/gcc/arm-aspeed-linux-gnueabihf/9.3.0/include]
  ignore line: [ /home/keti/BMC_SDK/source/arm-aspeed-linux-gnueabihf/bin/../lib/gcc/arm-aspeed-linux-gnueabihf/9.3.0/include-fixed]
  ignore line: [ /home/keti/BMC_SDK/source/arm-aspeed-linux-gnueabihf/bin/../lib/gcc/arm-aspeed-linux-gnueabihf/9.3.0/../../../../arm-aspeed-linux-gnueabihf/include]
  ignore line: [ /home/keti/KETI_BMC/KETI-APP/sysroots/armv7ahf-vfpv4d16-openbmc-linux-gnueabi/usr/include]
  ignore line: [End of search list.]
  ignore line: [GNU C++14 (Buildroot v00.05.06-33-g307eaf0-dirty) version 9.3.0 (arm-aspeed-linux-gnueabihf)]
  ignore line: [	compiled by GNU C version 7.5.0  GMP version 6.1.2  MPFR version 4.0.2  MPC version 1.1.0  isl version none]
  ignore line: [warning: MPFR header version 4.0.2 differs from library version 4.0.1.]
  ignore line: [GGC heuristics: --param ggc-min-expand=100 --param ggc-min-heapsize=131072]
  ignore line: [Compiler executable checksum: 6a0873dd178a0d4087818953ee166daf]
  ignore line: [COLLECT_GCC_OPTIONS='-mabi=aapcs-linux' '-mfpu=vfpv4-d16' '-marm' '-mfloat-abi=hard' '-mcpu=cortex-a7' '-v' '-o' 'CMakeFiles/cmTC_b4e22.dir/CMakeCXXCompilerABI.cpp.o' '-c' '-shared-libgcc' '-mtls-dialect=gnu' '-march=armv7ve+fp']
  ignore line: [ /home/keti/BMC_SDK/source/arm-aspeed-linux-gnueabihf/bin/../lib/gcc/arm-aspeed-linux-gnueabihf/9.3.0/../../../../arm-aspeed-linux-gnueabihf/bin/as -v -march=armv7ve -mfloat-abi=hard -mfpu=vfpv4-d16 -meabi=5 -o CMakeFiles/cmTC_b4e22.dir/CMakeCXXCompilerABI.cpp.o /tmp/ccKBC6sN.s]
  ignore line: [GNU assembler version 2.33.1 (arm-aspeed-linux-gnueabihf) using BFD version (GNU Binutils) 2.33.1]
  ignore line: [COMPILER_PATH=/home/keti/BMC_SDK/source/arm-aspeed-linux-gnueabihf/bin/../libexec/gcc/arm-aspeed-linux-gnueabihf/9.3.0/:/home/keti/BMC_SDK/source/arm-aspeed-linux-gnueabihf/bin/../libexec/gcc/:/home/keti/BMC_SDK/source/arm-aspeed-linux-gnueabihf/bin/../lib/gcc/arm-aspeed-linux-gnueabihf/9.3.0/../../../../arm-aspeed-linux-gnueabihf/bin/]
  ignore line: [LIBRARY_PATH=/home/keti/BMC_SDK/source/arm-aspeed-linux-gnueabihf/bin/../lib/gcc/arm-aspeed-linux-gnueabihf/9.3.0/:/home/keti/BMC_SDK/source/arm-aspeed-linux-gnueabihf/bin/../lib/gcc/:/home/keti/BMC_SDK/source/arm-aspeed-linux-gnueabihf/bin/../lib/gcc/arm-aspeed-linux-gnueabihf/9.3.0/../../../../arm-aspeed-linux-gnueabihf/lib/:/home/keti/KETI_BMC/KETI-APP/sysroots/armv7ahf-vfpv4d16-openbmc-linux-gnueabi/lib/:/home/keti/KETI_BMC/KETI-APP/sysroots/armv7ahf-vfpv4d16-openbmc-linux-gnueabi/usr/lib/]
  ignore line: [COLLECT_GCC_OPTIONS='-mabi=aapcs-linux' '-mfpu=vfpv4-d16' '-marm' '-mfloat-abi=hard' '-mcpu=cortex-a7' '-v' '-o' 'CMakeFiles/cmTC_b4e22.dir/CMakeCXXCompilerABI.cpp.o' '-c' '-shared-libgcc' '-mtls-dialect=gnu' '-march=armv7ve+fp']
  ignore line: [Linking CXX executable cmTC_b4e22]
  ignore line: [/home/keti/KETI_BMC/KETI-APP/sysroots/x86_64-oesdk-linux/usr/bin/cmake -E cmake_link_script CMakeFiles/cmTC_b4e22.dir/link.txt --verbose=1]
  ignore line: [/home/keti/BMC_SDK/output/host/usr/bin/arm-linux-g++ --sysroot=/home/keti/KETI_BMC/KETI-APP/sysroots/armv7ahf-vfpv4d16-openbmc-linux-gnueabi  -v CMakeFiles/cmTC_b4e22.dir/CMakeCXXCompilerABI.cpp.o -o cmTC_b4e22 ]
  ignore line: [Using built-in specs.]
  ignore line: [COLLECT_GCC=/home/keti/BMC_SDK/source/arm-aspeed-linux-gnueabihf/bin/arm-linux-g++.br_real]
  ignore line: [COLLECT_LTO_WRAPPER=/home/keti/BMC_SDK/source/arm-aspeed-linux-gnueabihf/bin/../libexec/gcc/arm-aspeed-linux-gnueabihf/9.3.0/lto-wrapper]
  ignore line: [Target: arm-aspeed-linux-gnueabihf]
  ignore line: [Configured with: ./configure --prefix=/home/ryan/work/project/ast/sdk/toolchains/buildroot-2020.08.1/output/host --sysconfdir=/home/ryan/work/project/ast/sdk/toolchains/buildroot-2020.08.1/output/host/etc --enable-static --target=arm-aspeed-linux-gnueabihf --with-sysroot=/home/ryan/work/project/ast/sdk/toolchains/buildroot-2020.08.1/output/host/arm-aspeed-linux-gnueabihf/sysroot --enable-__cxa_atexit --with-gnu-ld --disable-libssp --disable-multilib --disable-decimal-float --with-gmp=/home/ryan/work/project/ast/sdk/toolchains/buildroot-2020.08.1/output/host --with-mpc=/home/ryan/work/project/ast/sdk/toolchains/buildroot-2020.08.1/output/host --with-mpfr=/home/ryan/work/project/ast/sdk/toolchains/buildroot-2020.08.1/output/host --with-pkgversion='Buildroot v00.05.06-33-g307eaf0-dirty' --with-bugurl=http://bugs.buildroot.net/ --without-zstd --disable-libquadmath --enable-tls --enable-threads --without-isl --without-cloog --with-abi=aapcs-linux --with-cpu=cortex-a7 --with-fpu=vfpv4-d16 --with-float=hard --with-mode=arm --enable-languages=c,c++ --with-build-time-tools=/home/ryan/work/project/ast/sdk/toolchains/buildroot-2020.08.1/output/host/arm-aspeed-linux-gnueabihf/bin --enable-shared --disable-libgomp]
  ignore line: [Thread model: posix]
  ignore line: [gcc version 9.3.0 (Buildroot v00.05.06-33-g307eaf0-dirty) ]
  ignore line: [COMPILER_PATH=/home/keti/BMC_SDK/source/arm-aspeed-linux-gnueabihf/bin/../libexec/gcc/arm-aspeed-linux-gnueabihf/9.3.0/:/home/keti/BMC_SDK/source/arm-aspeed-linux-gnueabihf/bin/../libexec/gcc/:/home/keti/BMC_SDK/source/arm-aspeed-linux-gnueabihf/bin/../lib/gcc/arm-aspeed-linux-gnueabihf/9.3.0/../../../../arm-aspeed-linux-gnueabihf/bin/]
  ignore line: [LIBRARY_PATH=/home/keti/BMC_SDK/source/arm-aspeed-linux-gnueabihf/bin/../lib/gcc/arm-aspeed-linux-gnueabihf/9.3.0/:/home/keti/BMC_SDK/source/arm-aspeed-linux-gnueabihf/bin/../lib/gcc/:/home/keti/BMC_SDK/source/arm-aspeed-linux-gnueabihf/bin/../lib/gcc/arm-aspeed-linux-gnueabihf/9.3.0/../../../../arm-aspeed-linux-gnueabihf/lib/:/home/keti/KETI_BMC/KETI-APP/sysroots/armv7ahf-vfpv4d16-openbmc-linux-gnueabi/lib/:/home/keti/KETI_BMC/KETI-APP/sysroots/armv7ahf-vfpv4d16-openbmc-linux-gnueabi/usr/lib/]
  ignore line: [COLLECT_GCC_OPTIONS='-mabi=aapcs-linux' '-mfpu=vfpv4-d16' '-marm' '-mfloat-abi=hard' '-mcpu=cortex-a7' '-v' '-o' 'cmTC_b4e22' '-shared-libgcc' '-mtls-dialect=gnu' '-march=armv7ve+fp']
  link line: [ /home/keti/BMC_SDK/source/arm-aspeed-linux-gnueabihf/bin/../libexec/gcc/arm-aspeed-linux-gnueabihf/9.3.0/collect2 -plugin /home/keti/BMC_SDK/source/arm-aspeed-linux-gnueabihf/bin/../libexec/gcc/arm-aspeed-linux-gnueabihf/9.3.0/liblto_plugin.so -plugin-opt=/home/keti/BMC_SDK/source/arm-aspeed-linux-gnueabihf/bin/../libexec/gcc/arm-aspeed-linux-gnueabihf/9.3.0/lto-wrapper -plugin-opt=-fresolution=/tmp/ccKS2mAW.res -plugin-opt=-pass-through=-lgcc_s -plugin-opt=-pass-through=-lgcc -plugin-opt=-pass-through=-lc -plugin-opt=-pass-through=-lgcc_s -plugin-opt=-pass-through=-lgcc --sysroot=/home/keti/KETI_BMC/KETI-APP/sysroots/armv7ahf-vfpv4d16-openbmc-linux-gnueabi --eh-frame-hdr -dynamic-linker /lib/ld-linux-armhf.so.3 -X -m armelf_linux_eabi -o cmTC_b4e22 /home/keti/KETI_BMC/KETI-APP/sysroots/armv7ahf-vfpv4d16-openbmc-linux-gnueabi/usr/lib/crt1.o /home/keti/KETI_BMC/KETI-APP/sysroots/armv7ahf-vfpv4d16-openbmc-linux-gnueabi/usr/lib/crti.o /home/keti/BMC_SDK/source/arm-aspeed-linux-gnueabihf/bin/../lib/gcc/arm-aspeed-linux-gnueabihf/9.3.0/crtbegin.o -L/home/keti/BMC_SDK/source/arm-aspeed-linux-gnueabihf/bin/../lib/gcc/arm-aspeed-linux-gnueabihf/9.3.0 -L/home/keti/BMC_SDK/source/arm-aspeed-linux-gnueabihf/bin/../lib/gcc -L/home/keti/BMC_SDK/source/arm-aspeed-linux-gnueabihf/bin/../lib/gcc/arm-aspeed-linux-gnueabihf/9.3.0/../../../../arm-aspeed-linux-gnueabihf/lib -L/home/keti/KETI_BMC/KETI-APP/sysroots/armv7ahf-vfpv4d16-openbmc-linux-gnueabi/lib -L/home/keti/KETI_BMC/KETI-APP/sysroots/armv7ahf-vfpv4d16-openbmc-linux-gnueabi/usr/lib CMakeFiles/cmTC_b4e22.dir/CMakeCXXCompilerABI.cpp.o -lstdc++ -lm -lgcc_s -lgcc -lc -lgcc_s -lgcc /home/keti/BMC_SDK/source/arm-aspeed-linux-gnueabihf/bin/../lib/gcc/arm-aspeed-linux-gnueabihf/9.3.0/crtend.o /home/keti/KETI_BMC/KETI-APP/sysroots/armv7ahf-vfpv4d16-openbmc-linux-gnueabi/usr/lib/crtn.o]
    arg [/home/keti/BMC_SDK/source/arm-aspeed-linux-gnueabihf/bin/../libexec/gcc/arm-aspeed-linux-gnueabihf/9.3.0/collect2] ==> ignore
    arg [-plugin] ==> ignore
    arg [/home/keti/BMC_SDK/source/arm-aspeed-linux-gnueabihf/bin/../libexec/gcc/arm-aspeed-linux-gnueabihf/9.3.0/liblto_plugin.so] ==> ignore
    arg [-plugin-opt=/home/keti/BMC_SDK/source/arm-aspeed-linux-gnueabihf/bin/../libexec/gcc/arm-aspeed-linux-gnueabihf/9.3.0/lto-wrapper] ==> ignore
    arg [-plugin-opt=-fresolution=/tmp/ccKS2mAW.res] ==> ignore
    arg [-plugin-opt=-pass-through=-lgcc_s] ==> ignore
    arg [-plugin-opt=-pass-through=-lgcc] ==> ignore
    arg [-plugin-opt=-pass-through=-lc] ==> ignore
    arg [-plugin-opt=-pass-through=-lgcc_s] ==> ignore
    arg [-plugin-opt=-pass-through=-lgcc] ==> ignore
    arg [--sysroot=/home/keti/KETI_BMC/KETI-APP/sysroots/armv7ahf-vfpv4d16-openbmc-linux-gnueabi] ==> ignore
    arg [--eh-frame-hdr] ==> ignore
    arg [-dynamic-linker] ==> ignore
    arg [/lib/ld-linux-armhf.so.3] ==> ignore
    arg [-X] ==> ignore
    arg [-m] ==> ignore
    arg [armelf_linux_eabi] ==> ignore
    arg [-o] ==> ignore
    arg [cmTC_b4e22] ==> ignore
    arg [/home/keti/KETI_BMC/KETI-APP/sysroots/armv7ahf-vfpv4d16-openbmc-linux-gnueabi/usr/lib/crt1.o] ==> obj [/home/keti/KETI_BMC/KETI-APP/sysroots/armv7ahf-vfpv4d16-openbmc-linux-gnueabi/usr/lib/crt1.o]
    arg [/home/keti/KETI_BMC/KETI-APP/sysroots/armv7ahf-vfpv4d16-openbmc-linux-gnueabi/usr/lib/crti.o] ==> obj [/home/keti/KETI_BMC/KETI-APP/sysroots/armv7ahf-vfpv4d16-openbmc-linux-gnueabi/usr/lib/crti.o]
    arg [/home/keti/BMC_SDK/source/arm-aspeed-linux-gnueabihf/bin/../lib/gcc/arm-aspeed-linux-gnueabihf/9.3.0/crtbegin.o] ==> obj [/home/keti/BMC_SDK/source/arm-aspeed-linux-gnueabihf/bin/../lib/gcc/arm-aspeed-linux-gnueabihf/9.3.0/crtbegin.o]
    arg [-L/home/keti/BMC_SDK/source/arm-aspeed-linux-gnueabihf/bin/../lib/gcc/arm-aspeed-linux-gnueabihf/9.3.0] ==> dir [/home/keti/BMC_SDK/source/arm-aspeed-linux-gnueabihf/bin/../lib/gcc/arm-aspeed-linux-gnueabihf/9.3.0]
    arg [-L/home/keti/BMC_SDK/source/arm-aspeed-linux-gnueabihf/bin/../lib/gcc] ==> dir [/home/keti/BMC_SDK/source/arm-aspeed-linux-gnueabihf/bin/../lib/gcc]
    arg [-L/home/keti/BMC_SDK/source/arm-aspeed-linux-gnueabihf/bin/../lib/gcc/arm-aspeed-linux-gnueabihf/9.3.0/../../../../arm-aspeed-linux-gnueabihf/lib] ==> dir [/home/keti/BMC_SDK/source/arm-aspeed-linux-gnueabihf/bin/../lib/gcc/arm-aspeed-linux-gnueabihf/9.3.0/../../../../arm-aspeed-linux-gnueabihf/lib]
    arg [-L/home/keti/KETI_BMC/KETI-APP/sysroots/armv7ahf-vfpv4d16-openbmc-linux-gnueabi/lib] ==> dir [/home/keti/KETI_BMC/KETI-APP/sysroots/armv7ahf-vfpv4d16-openbmc-linux-gnueabi/lib]
    arg [-L/home/keti/KETI_BMC/KETI-APP/sysroots/armv7ahf-vfpv4d16-openbmc-linux-gnueabi/usr/lib] ==> dir [/home/keti/KETI_BMC/KETI-APP/sysroots/armv7ahf-vfpv4d16-openbmc-linux-gnueabi/usr/lib]
    arg [CMakeFiles/cmTC_b4e22.dir/CMakeCXXCompilerABI.cpp.o] ==> ignore
    arg [-lstdc++] ==> lib [stdc++]
    arg [-lm] ==> lib [m]
    arg [-lgcc_s] ==> lib [gcc_s]
    arg [-lgcc] ==> lib [gcc]
    arg [-lc] ==> lib [c]
    arg [-lgcc_s] ==> lib [gcc_s]
    arg [-lgcc] ==> lib [gcc]
    arg [/home/keti/BMC_SDK/source/arm-aspeed-linux-gnueabihf/bin/../lib/gcc/arm-aspeed-linux-gnueabihf/9.3.0/crtend.o] ==> obj [/home/keti/BMC_SDK/source/arm-aspeed-linux-gnueabihf/bin/../lib/gcc/arm-aspeed-linux-gnueabihf/9.3.0/crtend.o]
    arg [/home/keti/KETI_BMC/KETI-APP/sysroots/armv7ahf-vfpv4d16-openbmc-linux-gnueabi/usr/lib/crtn.o] ==> obj [/home/keti/KETI_BMC/KETI-APP/sysroots/armv7ahf-vfpv4d16-openbmc-linux-gnueabi/usr/lib/crtn.o]
  collapse obj [/home/keti/BMC_SDK/source/arm-aspeed-linux-gnueabihf/bin/../lib/gcc/arm-aspeed-linux-gnueabihf/9.3.0/crtbegin.o] ==> [/home/keti/BMC_SDK/source/arm-aspeed-linux-gnueabihf/lib/gcc/arm-aspeed-linux-gnueabihf/9.3.0/crtbegin.o]
  collapse obj [/home/keti/BMC_SDK/source/arm-aspeed-linux-gnueabihf/bin/../lib/gcc/arm-aspeed-linux-gnueabihf/9.3.0/crtend.o] ==> [/home/keti/BMC_SDK/source/arm-aspeed-linux-gnueabihf/lib/gcc/arm-aspeed-linux-gnueabihf/9.3.0/crtend.o]
  collapse library dir [/home/keti/BMC_SDK/source/arm-aspeed-linux-gnueabihf/bin/../lib/gcc/arm-aspeed-linux-gnueabihf/9.3.0] ==> [/home/keti/BMC_SDK/source/arm-aspeed-linux-gnueabihf/lib/gcc/arm-aspeed-linux-gnueabihf/9.3.0]
  collapse library dir [/home/keti/BMC_SDK/source/arm-aspeed-linux-gnueabihf/bin/../lib/gcc] ==> [/home/keti/BMC_SDK/source/arm-aspeed-linux-gnueabihf/lib/gcc]
  collapse library dir [/home/keti/BMC_SDK/source/arm-aspeed-linux-gnueabihf/bin/../lib/gcc/arm-aspeed-linux-gnueabihf/9.3.0/../../../../arm-aspeed-linux-gnueabihf/lib] ==> [/home/keti/BMC_SDK/source/arm-aspeed-linux-gnueabihf/arm-aspeed-linux-gnueabihf/lib]
  collapse library dir [/home/keti/KETI_BMC/KETI-APP/sysroots/armv7ahf-vfpv4d16-openbmc-linux-gnueabi/lib] ==> [/home/keti/KETI_BMC/KETI-APP/sysroots/armv7ahf-vfpv4d16-openbmc-linux-gnueabi/lib]
  collapse library dir [/home/keti/KETI_BMC/KETI-APP/sysroots/armv7ahf-vfpv4d16-openbmc-linux-gnueabi/usr/lib] ==> [/home/keti/KETI_BMC/KETI-APP/sysroots/armv7ahf-vfpv4d16-openbmc-linux-gnueabi/usr/lib]
  implicit libs: [stdc++;m;gcc_s;gcc;c;gcc_s;gcc]
  implicit objs: [/home/keti/KETI_BMC/KETI-APP/sysroots/armv7ahf-vfpv4d16-openbmc-linux-gnueabi/usr/lib/crt1.o;/home/keti/KETI_BMC/KETI-APP/sysroots/armv7ahf-vfpv4d16-openbmc-linux-gnueabi/usr/lib/crti.o;/home/keti/BMC_SDK/source/arm-aspeed-linux-gnueabihf/lib/gcc/arm-aspeed-linux-gnueabihf/9.3.0/crtbegin.o;/home/keti/BMC_SDK/source/arm-aspeed-linux-gnueabihf/lib/gcc/arm-aspeed-linux-gnueabihf/9.3.0/crtend.o;/home/keti/KETI_BMC/KETI-APP/sysroots/armv7ahf-vfpv4d16-openbmc-linux-gnueabi/usr/lib/crtn.o]
  implicit dirs: [/home/keti/BMC_SDK/source/arm-aspeed-linux-gnueabihf/lib/gcc/arm-aspeed-linux-gnueabihf/9.3.0;/home/keti/BMC_SDK/source/arm-aspeed-linux-gnueabihf/lib/gcc;/home/keti/BMC_SDK/source/arm-aspeed-linux-gnueabihf/arm-aspeed-linux-gnueabihf/lib;/home/keti/KETI_BMC/KETI-APP/sysroots/armv7ahf-vfpv4d16-openbmc-linux-gnueabi/lib;/home/keti/KETI_BMC/KETI-APP/sysroots/armv7ahf-vfpv4d16-openbmc-linux-gnueabi/usr/lib]
  implicit fwks: []


